Determining if the pthread_create exist failed with the following output:
Change Dir: /home/misha/prog/cocos2d-x/projects/mygame/MyGame/linux-build/CMakeFiles/CMakeTmp

Run Build Command:"/usr/bin/make" "cmTryCompileExec1590254118/fast"
/usr/bin/make -f CMakeFiles/cmTryCompileExec1590254118.dir/build.make CMakeFiles/cmTryCompileExec1590254118.dir/build
make[1]: Вход в каталог `/home/misha/prog/cocos2d-x/projects/mygame/MyGame/linux-build/CMakeFiles/CMakeTmp'
/usr/bin/cmake -E cmake_progress_report /home/misha/prog/cocos2d-x/projects/mygame/MyGame/linux-build/CMakeFiles/CMakeTmp/CMakeFiles 1
Building C object CMakeFiles/cmTryCompileExec1590254118.dir/CheckSymbolExists.c.o
/usr/bin/cc   -std=c99 -std=gnu99 -fPIC    -o CMakeFiles/cmTryCompileExec1590254118.dir/CheckSymbolExists.c.o   -c /home/misha/prog/cocos2d-x/projects/mygame/MyGame/linux-build/CMakeFiles/CMakeTmp/CheckSymbolExists.c
Linking C executable cmTryCompileExec1590254118
/usr/bin/cmake -E cmake_link_script CMakeFiles/cmTryCompileExec1590254118.dir/link.txt --verbose=1
/usr/bin/cc   -std=c99 -std=gnu99 -fPIC     CMakeFiles/cmTryCompileExec1590254118.dir/CheckSymbolExists.c.o  -o cmTryCompileExec1590254118 -rdynamic 
CMakeFiles/cmTryCompileExec1590254118.dir/CheckSymbolExists.c.o: In function `main':
CheckSymbolExists.c:(.text+0x1b): undefined reference to `pthread_create'
collect2: error: ld returned 1 exit status
make[1]: *** [cmTryCompileExec1590254118] Ошибка 1
make[1]: Выход из каталога `/home/misha/prog/cocos2d-x/projects/mygame/MyGame/linux-build/CMakeFiles/CMakeTmp'
make: *** [cmTryCompileExec1590254118/fast] Ошибка 2

File /home/misha/prog/cocos2d-x/projects/mygame/MyGame/linux-build/CMakeFiles/CMakeTmp/CheckSymbolExists.c:
/* */
#include <pthread.h>

int main(int argc, char** argv)
{
  (void)argv;
#ifndef pthread_create
  return ((int*)(&pthread_create))[argc];
#else
  (void)argc;
  return 0;
#endif
}

Determining if the function pthread_create exists in the pthreads failed with the following output:
Change Dir: /home/misha/prog/cocos2d-x/projects/mygame/MyGame/linux-build/CMakeFiles/CMakeTmp

Run Build Command:"/usr/bin/make" "cmTryCompileExec1969011892/fast"
/usr/bin/make -f CMakeFiles/cmTryCompileExec1969011892.dir/build.make CMakeFiles/cmTryCompileExec1969011892.dir/build
make[1]: Вход в каталог `/home/misha/prog/cocos2d-x/projects/mygame/MyGame/linux-build/CMakeFiles/CMakeTmp'
/usr/bin/cmake -E cmake_progress_report /home/misha/prog/cocos2d-x/projects/mygame/MyGame/linux-build/CMakeFiles/CMakeTmp/CMakeFiles 1
Building C object CMakeFiles/cmTryCompileExec1969011892.dir/CheckFunctionExists.c.o
/usr/bin/cc   -std=c99 -std=gnu99 -fPIC -DCHECK_FUNCTION_EXISTS=pthread_create   -o CMakeFiles/cmTryCompileExec1969011892.dir/CheckFunctionExists.c.o   -c /usr/share/cmake-3.2/Modules/CheckFunctionExists.c
Linking C executable cmTryCompileExec1969011892
/usr/bin/cmake -E cmake_link_script CMakeFiles/cmTryCompileExec1969011892.dir/link.txt --verbose=1
/usr/bin/cc   -std=c99 -std=gnu99 -fPIC -DCHECK_FUNCTION_EXISTS=pthread_create    CMakeFiles/cmTryCompileExec1969011892.dir/CheckFunctionExists.c.o  -o cmTryCompileExec1969011892 -rdynamic -lpthreads 
/usr/bin/ld: cannot find -lpthreads
collect2: error: ld returned 1 exit status
make[1]: *** [cmTryCompileExec1969011892] Ошибка 1
make[1]: Выход из каталога `/home/misha/prog/cocos2d-x/projects/mygame/MyGame/linux-build/CMakeFiles/CMakeTmp'
make: *** [cmTryCompileExec1969011892/fast] Ошибка 2


